<?xml version="1.0" encoding="UTF-8"?>
<!-- Generated by org.testng.reporters.JUnitReportReporter -->
<testsuite hostname="DESKTOP-IRUI47D" failures="0" tests="1" name="zohoCRMGUIFramwWork.dateAndTime" time="0.106" errors="0" timestamp="16 Mar 2025 09:57:01 GMT" skipped="0">
  <testcase classname="zohoCRMGUIFramwWork.dateAndTime" name="getSystemdate" time="0.106"/>
</testsuite> <!-- zohoCRMGUIFramwWork.dateAndTime -->
