<?xml version="1.0" encoding="UTF-8"?>
<!-- Generated by org.testng.reporters.JUnitReportReporter -->
<testsuite hostname="DESKTOP-IRUI47D" failures="0" tests="1" name="zohoCRMGUIFramwWork.readingDataFromCommandLineTest" time="0.037" errors="0" timestamp="17 Mar 2025 11:33:24 GMT" skipped="0">
  <testcase classname="zohoCRMGUIFramwWork.readingDataFromCommandLineTest" name="readdatafromCMD" time="0.037"/>
</testsuite> <!-- zohoCRMGUIFramwWork.readingDataFromCommandLineTest -->
