<?xml version="1.0" encoding="UTF-8"?>
<!-- Generated by org.testng.reporters.JUnitReportReporter -->
<testsuite hostname="DESKTOP-IRUI47D" failures="0" tests="1" name="zohoCRMGUIFramwWork.readingDataFromExcel" time="1.752" errors="0" timestamp="16 Mar 2025 08:12:00 GMT" skipped="0">
  <testcase classname="zohoCRMGUIFramwWork.readingDataFromExcel" name="getdatafromExcelTest" time="1.752"/>
</testsuite> <!-- zohoCRMGUIFramwWork.readingDataFromExcel -->
