<?xml version="1.0" encoding="UTF-8"?>
<!-- Generated by org.testng.reporters.JUnitReportReporter -->
<testsuite hostname="DESKTOP-IRUI47D" failures="0" tests="1" name="zohoCRMGUIFramwWork.readingDataFromPropertyFile" time="12.310" errors="0" timestamp="16 Mar 2025 07:04:12 GMT" skipped="0">
  <testcase classname="zohoCRMGUIFramwWork.readingDataFromPropertyFile" name="createCampaignTest" time="12.310"/>
</testsuite> <!-- zohoCRMGUIFramwWork.readingDataFromPropertyFile -->
