<?xml version="1.0" encoding="UTF-8"?>
<!-- Generated by org.testng.reporters.JUnitReportReporter -->
<testsuite hostname="DESKTOP-IRUI47D" failures="0" tests="1" name="zohoCRMGUIFramwWork.readingDataFromXml" time="7.421" errors="0" timestamp="17 Mar 2025 04:18:49 GMT" skipped="0">
  <testcase classname="zohoCRMGUIFramwWork.readingDataFromXml" name="dataFromxmalTest" time="7.421"/>
</testsuite> <!-- zohoCRMGUIFramwWork.readingDataFromXml -->
