<?xml version="1.0" encoding="UTF-8"?>
<!-- Generated by org.testng.reporters.JUnitReportReporter -->
<testsuite hostname="DESKTOP-IRUI47D" failures="0" tests="1" name="com.zoho.CRM.ContactsModule.CreateContact" time="10.424" errors="0" timestamp="18 Mar 2025 07:34:20 GMT" skipped="0">
  <testcase classname="com.zoho.CRM.ContactsModule.CreateContact" name="createcontactTest" time="10.424"/>
</testsuite> <!-- com.zoho.CRM.ContactsModule.CreateContact -->
