<?xml version="1.0" encoding="UTF-8"?>
<!-- Generated by org.testng.reporters.JUnitReportReporter -->
<testsuite hostname="DESKTOP-IRUI47D" failures="0" tests="1" name="com.zoho.CRM.CampaignsModule.DeleteCampaign" time="7.429" errors="0" timestamp="18 Mar 2025 02:59:27 GMT" skipped="0">
  <testcase classname="com.zoho.CRM.CampaignsModule.DeleteCampaign" name="deletecampaignTest" time="7.429"/>
</testsuite> <!-- com.zoho.CRM.CampaignsModule.DeleteCampaign -->
