<?xml version="1.0" encoding="UTF-8"?>
<!-- Generated by org.testng.reporters.JUnitReportReporter -->
<testsuite hostname="DESKTOP-IRUI47D" failures="0" tests="1" name="zohoCRMGUIFramwWork.generateAlphanumericCode" time="0.029" errors="0" timestamp="17 Mar 2025 03:35:03 GMT" skipped="0">
  <testcase classname="zohoCRMGUIFramwWork.generateAlphanumericCode" name="alphanumericCodeTest" time="0.029"/>
</testsuite> <!-- zohoCRMGUIFramwWork.generateAlphanumericCode -->
