<?xml version="1.0" encoding="UTF-8"?>
<!-- Generated by org.testng.reporters.JUnitXMLReporter -->
<testsuite ignored="0" hostname="DESKTOP-IRUI47D" failures="0" tests="0" name="Test-1" time="21.692" errors="0" timestamp="18 Mar 2025 07:34:15 GMT">
</testsuite> <!-- Test-1 -->
