<?xml version="1.0" encoding="UTF-8"?>
<!-- Generated by org.testng.reporters.JUnitXMLReporter -->
<testsuite ignored="0" hostname="DESKTOP-IRUI47D" failures="0" tests="1" name="Test-2" time="25.493" errors="0" timestamp="18 Mar 2025 07:34:19 GMT">
  <testcase classname="com.zoho.CRM.ContactsModule.CreateContact" name="createcontactTest" time="6.647"/>
</testsuite> <!-- Test-2 -->
